# JRE version: OpenJDK Runtime Environment (17.0.11) (build 17.0.11+0--11852314)
# Java VM: OpenJDK 64-Bit Server VM (17.0.11+0--11852314, mixed mode, tiered, compressed oops, compressed class ptrs, g1 gc, windows-amd64)
GC Precious Log:
 CPUs: 20 total, 20 available
 Memory: 16213M
 Large Page Support: Disabled
 NUMA Support: Disabled
 Compressed Oops: Enabled (32-bit)
 Heap Region Size: 1M
 Heap Min Capacity: 8M
 Heap Initial Capacity: 254M
 Heap Max Capacity: 2G
 Pre-touch: Disabled
 Parallel Workers: 15
 Concurrent Workers: 4
 Concurrent Refinement Workers: 15
 Periodic GC: Disabled
Heap:
 garbage-first heap   total 423936K, used 170357K [0x0000000080000000, 0x0000000100000000)
  region size 1024K, 8 young (8192K), 2 survivors (2048K)
 Metaspace       used 161722K, committed 162816K, reserved 1245184K
  class space    used 22826K, committed 23360K, reserved 1048576K
GC Heap History (20 events):
Event: 69.016 GC heap before
{Heap before GC invocations=56 (full 0):
 garbage-first heap   total 350208K, used 267480K [0x0000000080000000, 0x0000000100000000)
  region size 1024K, 107 young (109568K), 5 survivors (5120K)
 Metaspace       used 121231K, committed 122112K, reserved 1179648K
  class space    used 16406K, committed 16832K, reserved 1048576K
}
Event: 69.018 GC heap after
{Heap after GC invocations=57 (full 0):
 garbage-first heap   total 350208K, used 165918K [0x0000000080000000, 0x0000000100000000)
  region size 1024K, 7 young (7168K), 7 survivors (7168K)
 Metaspace       used 121231K, committed 122112K, reserved 1179648K
  class space    used 16406K, committed 16832K, reserved 1048576K
}
Event: 73.316 GC heap before
{Heap before GC invocations=57 (full 0):
 garbage-first heap   total 350208K, used 275486K [0x0000000080000000, 0x0000000100000000)
  region size 1024K, 115 young (117760K), 7 survivors (7168K)
 Metaspace       used 125761K, committed 126656K, reserved 1179648K
  class space    used 17025K, committed 17472K, reserved 1048576K
}
Event: 73.319 GC heap after
{Heap after GC invocations=58 (full 0):
 garbage-first heap   total 350208K, used 169784K [0x0000000080000000, 0x0000000100000000)
  region size 1024K, 11 young (11264K), 11 survivors (11264K)
 Metaspace       used 125761K, committed 126656K, reserved 1179648K
  class space    used 17025K, committed 17472K, reserved 1048576K
}
Event: 73.760 GC heap before
{Heap before GC invocations=58 (full 0):
 garbage-first heap   total 350208K, used 283448K [0x0000000080000000, 0x0000000100000000)
  region size 1024K, 121 young (123904K), 11 survivors (11264K)
 Metaspace       used 133928K, committed 134848K, reserved 1179648K
  class space    used 18028K, committed 18432K, reserved 1048576K
}
Event: 73.767 GC heap after
{Heap after GC invocations=59 (full 0):
 garbage-first heap   total 350208K, used 187556K [0x0000000080000000, 0x0000000100000000)
  region size 1024K, 16 young (16384K), 16 survivors (16384K)
 Metaspace       used 133928K, committed 134848K, reserved 1179648K
  class space    used 18028K, committed 18432K, reserved 1048576K
}
Event: 74.585 GC heap before
{Heap before GC invocations=59 (full 0):
 garbage-first heap   total 350208K, used 277668K [0x0000000080000000, 0x0000000100000000)
  region size 1024K, 103 young (105472K), 16 survivors (16384K)
 Metaspace       used 139166K, committed 140160K, reserved 1179648K
  class space    used 18767K, committed 19264K, reserved 1048576K
}
Event: 74.589 GC heap after
{Heap after GC invocations=60 (full 0):
 garbage-first heap   total 350208K, used 193870K [0x0000000080000000, 0x0000000100000000)
  region size 1024K, 10 young (10240K), 10 survivors (10240K)
 Metaspace       used 139166K, committed 140160K, reserved 1179648K
  class space    used 18767K, committed 19264K, reserved 1048576K
}
Event: 74.848 GC heap before
{Heap before GC invocations=60 (full 0):
 garbage-first heap   total 350208K, used 278862K [0x0000000080000000, 0x0000000100000000)
  region size 1024K, 94 young (96256K), 10 survivors (10240K)
 Metaspace       used 147708K, committed 148736K, reserved 1179648K
  class space    used 20296K, committed 20800K, reserved 1048576K
}
Event: 74.852 GC heap after
{Heap after GC invocations=61 (full 0):
 garbage-first heap   total 350208K, used 202128K [0x0000000080000000, 0x0000000100000000)
  region size 1024K, 10 young (10240K), 10 survivors (10240K)
 Metaspace       used 147708K, committed 148736K, reserved 1179648K
  class space    used 20296K, committed 20800K, reserved 1048576K
}
Event: 75.014 GC heap before
{Heap before GC invocations=61 (full 0):
 garbage-first heap   total 350208K, used 279952K [0x0000000080000000, 0x0000000100000000)
  region size 1024K, 87 young (89088K), 10 survivors (10240K)
 Metaspace       used 155005K, committed 156032K, reserved 1245184K
  class space    used 21654K, committed 22144K, reserved 1048576K
}
Event: 75.018 GC heap after
{Heap after GC invocations=62 (full 0):
 garbage-first heap   total 350208K, used 206623K [0x0000000080000000, 0x0000000100000000)
  region size 1024K, 5 young (5120K), 5 survivors (5120K)
 Metaspace       used 155005K, committed 156032K, reserved 1245184K
  class space    used 21654K, committed 22144K, reserved 1048576K
}
Event: 75.222 GC heap before
{Heap before GC invocations=62 (full 0):
 garbage-first heap   total 350208K, used 286495K [0x0000000080000000, 0x0000000100000000)
  region size 1024K, 83 young (84992K), 5 survivors (5120K)
 Metaspace       used 158968K, committed 160064K, reserved 1245184K
  class space    used 22451K, committed 22976K, reserved 1048576K
}
Event: 75.226 GC heap after
{Heap after GC invocations=63 (full 0):
 garbage-first heap   total 350208K, used 209164K [0x0000000080000000, 0x0000000100000000)
  region size 1024K, 8 young (8192K), 8 survivors (8192K)
 Metaspace       used 158968K, committed 160064K, reserved 1245184K
  class space    used 22451K, committed 22976K, reserved 1048576K
}
Event: 75.820 GC heap before
{Heap before GC invocations=63 (full 0):
 garbage-first heap   total 350208K, used 293132K [0x0000000080000000, 0x0000000100000000)
  region size 1024K, 63 young (64512K), 8 survivors (8192K)
 Metaspace       used 160448K, committed 161536K, reserved 1245184K
  class space    used 22639K, committed 23168K, reserved 1048576K
}
Event: 75.823 GC heap after
{Heap after GC invocations=64 (full 0):
 garbage-first heap   total 350208K, used 234245K [0x0000000080000000, 0x0000000100000000)
  region size 1024K, 2 young (2048K), 2 survivors (2048K)
 Metaspace       used 160448K, committed 161536K, reserved 1245184K
  class space    used 22639K, committed 23168K, reserved 1048576K
}
Event: 1700.916 GC heap before
{Heap before GC invocations=65 (full 0):
 garbage-first heap   total 423936K, used 336645K [0x0000000080000000, 0x0000000100000000)
  region size 1024K, 61 young (62464K), 2 survivors (2048K)
 Metaspace       used 161598K, committed 162688K, reserved 1245184K
  class space    used 22816K, committed 23360K, reserved 1048576K
}
Event: 1700.919 GC heap after
{Heap after GC invocations=66 (full 0):
 garbage-first heap   total 423936K, used 187714K [0x0000000080000000, 0x0000000100000000)
  region size 1024K, 2 young (2048K), 2 survivors (2048K)
 Metaspace       used 161598K, committed 162688K, reserved 1245184K
  class space    used 22816K, committed 23360K, reserved 1048576K
}
Event: 1929.353 GC heap before
{Heap before GC invocations=66 (full 0):
 garbage-first heap   total 423936K, used 206146K [0x0000000080000000, 0x0000000100000000)
  region size 1024K, 20 young (20480K), 2 survivors (2048K)
 Metaspace       used 161657K, committed 162816K, reserved 1245184K
  class space    used 22821K, committed 23360K, reserved 1048576K
}
Event: 1929.356 GC heap after
{Heap after GC invocations=67 (full 0):
 garbage-first heap   total 423936K, used 165237K [0x0000000080000000, 0x0000000100000000)
  region size 1024K, 2 young (2048K), 2 survivors (2048K)
 Metaspace       used 161657K, committed 162816K, reserved 1245184K
  class space    used 22821K, committed 23360K, reserved 1048576K
}

