# JRE version: OpenJDK Runtime Environment (17.0.11) (build 17.0.11+0--11852314)
# Java VM: OpenJDK 64-Bit Server VM (17.0.11+0--11852314, mixed mode, tiered, compressed oops, compressed class ptrs, g1 gc, windows-amd64)
GC Precious Log:
 CPUs: 20 total, 20 available
 Memory: 16213M
 Large Page Support: Disabled
 NUMA Support: Disabled
 Compressed Oops: Enabled (32-bit)
 Heap Region Size: 1M
 Heap Min Capacity: 8M
 Heap Initial Capacity: 254M
 Heap Max Capacity: 2G
 Pre-touch: Disabled
 Parallel Workers: 15
 Concurrent Workers: 4
 Concurrent Refinement Workers: 15
 Periodic GC: Disabled
Heap:
 garbage-first heap   total 195584K, used 158087K [0x0000000080000000, 0x0000000100000000)
  region size 1024K, 50 young (51200K), 4 survivors (4096K)
 Metaspace       used 106254K, committed 107008K, reserved 1179648K
  class space    used 14642K, committed 15040K, reserved 1048576K
GC Heap History (20 events):
Event: 178.770 GC heap before
{Heap before GC invocations=31 (full 0):
 garbage-first heap   total 162816K, used 136197K [0x0000000080000000, 0x0000000100000000)
  region size 1024K, 49 young (50176K), 3 survivors (3072K)
 Metaspace       used 93676K, committed 94336K, reserved 1179648K
  class space    used 12990K, committed 13312K, reserved 1048576K
}
Event: 178.773 GC heap after
{Heap after GC invocations=32 (full 0):
 garbage-first heap   total 162816K, used 91628K [0x0000000080000000, 0x0000000100000000)
  region size 1024K, 5 young (5120K), 5 survivors (5120K)
 Metaspace       used 93676K, committed 94336K, reserved 1179648K
  class space    used 12990K, committed 13312K, reserved 1048576K
}
Event: 178.785 GC heap before
{Heap before GC invocations=32 (full 0):
 garbage-first heap   total 162816K, used 92652K [0x0000000080000000, 0x0000000100000000)
  region size 1024K, 7 young (7168K), 5 survivors (5120K)
 Metaspace       used 93805K, committed 94464K, reserved 1179648K
  class space    used 13009K, committed 13312K, reserved 1048576K
}
Event: 178.787 GC heap after
{Heap after GC invocations=33 (full 0):
 garbage-first heap   total 162816K, used 91960K [0x0000000080000000, 0x0000000100000000)
  region size 1024K, 1 young (1024K), 1 survivors (1024K)
 Metaspace       used 93805K, committed 94464K, reserved 1179648K
  class space    used 13009K, committed 13312K, reserved 1048576K
}
Event: 179.061 GC heap before
{Heap before GC invocations=33 (full 0):
 garbage-first heap   total 162816K, used 137016K [0x0000000080000000, 0x0000000100000000)
  region size 1024K, 45 young (46080K), 1 survivors (1024K)
 Metaspace       used 98057K, committed 98752K, reserved 1179648K
  class space    used 13593K, committed 13952K, reserved 1048576K
}
Event: 179.063 GC heap after
{Heap after GC invocations=34 (full 0):
 garbage-first heap   total 195584K, used 93330K [0x0000000080000000, 0x0000000100000000)
  region size 1024K, 3 young (3072K), 3 survivors (3072K)
 Metaspace       used 98057K, committed 98752K, reserved 1179648K
  class space    used 13593K, committed 13952K, reserved 1048576K
}
Event: 179.483 GC heap before
{Heap before GC invocations=35 (full 0):
 garbage-first heap   total 195584K, used 162962K [0x0000000080000000, 0x0000000100000000)
  region size 1024K, 71 young (72704K), 3 survivors (3072K)
 Metaspace       used 101384K, committed 102080K, reserved 1179648K
  class space    used 14110K, committed 14464K, reserved 1048576K
}
Event: 179.487 GC heap after
{Heap after GC invocations=36 (full 0):
 garbage-first heap   total 195584K, used 100375K [0x0000000080000000, 0x0000000100000000)
  region size 1024K, 9 young (9216K), 9 survivors (9216K)
 Metaspace       used 101384K, committed 102080K, reserved 1179648K
  class space    used 14110K, committed 14464K, reserved 1048576K
}
Event: 179.489 GC heap before
{Heap before GC invocations=36 (full 0):
 garbage-first heap   total 195584K, used 101399K [0x0000000080000000, 0x0000000100000000)
  region size 1024K, 10 young (10240K), 9 survivors (9216K)
 Metaspace       used 101384K, committed 102080K, reserved 1179648K
  class space    used 14110K, committed 14464K, reserved 1048576K
}
Event: 179.491 GC heap after
{Heap after GC invocations=37 (full 0):
 garbage-first heap   total 195584K, used 101659K [0x0000000080000000, 0x0000000100000000)
  region size 1024K, 2 young (2048K), 2 survivors (2048K)
 Metaspace       used 101384K, committed 102080K, reserved 1179648K
  class space    used 14110K, committed 14464K, reserved 1048576K
}
Event: 179.570 GC heap before
{Heap before GC invocations=37 (full 0):
 garbage-first heap   total 195584K, used 161051K [0x0000000080000000, 0x0000000100000000)
  region size 1024K, 60 young (61440K), 2 survivors (2048K)
 Metaspace       used 101665K, committed 102400K, reserved 1179648K
  class space    used 14150K, committed 14528K, reserved 1048576K
}
Event: 179.571 GC heap after
{Heap after GC invocations=38 (full 0):
 garbage-first heap   total 195584K, used 103720K [0x0000000080000000, 0x0000000100000000)
  region size 1024K, 4 young (4096K), 4 survivors (4096K)
 Metaspace       used 101665K, committed 102400K, reserved 1179648K
  class space    used 14150K, committed 14528K, reserved 1048576K
}
Event: 179.734 GC heap before
{Heap before GC invocations=38 (full 0):
 garbage-first heap   total 195584K, used 161064K [0x0000000080000000, 0x0000000100000000)
  region size 1024K, 61 young (62464K), 4 survivors (4096K)
 Metaspace       used 102276K, committed 102976K, reserved 1179648K
  class space    used 14257K, committed 14592K, reserved 1048576K
}
Event: 179.736 GC heap after
{Heap after GC invocations=39 (full 0):
 garbage-first heap   total 195584K, used 105894K [0x0000000080000000, 0x0000000100000000)
  region size 1024K, 6 young (6144K), 6 survivors (6144K)
 Metaspace       used 102276K, committed 102976K, reserved 1179648K
  class space    used 14257K, committed 14592K, reserved 1048576K
}
Event: 179.940 GC heap before
{Heap before GC invocations=39 (full 0):
 garbage-first heap   total 195584K, used 166310K [0x0000000080000000, 0x0000000100000000)
  region size 1024K, 61 young (62464K), 6 survivors (6144K)
 Metaspace       used 104402K, committed 105152K, reserved 1179648K
  class space    used 14411K, committed 14784K, reserved 1048576K
}
Event: 179.942 GC heap after
{Heap after GC invocations=40 (full 0):
 garbage-first heap   total 195584K, used 108079K [0x0000000080000000, 0x0000000100000000)
  region size 1024K, 5 young (5120K), 5 survivors (5120K)
 Metaspace       used 104402K, committed 105152K, reserved 1179648K
  class space    used 14411K, committed 14784K, reserved 1048576K
}
Event: 180.163 GC heap before
{Heap before GC invocations=40 (full 0):
 garbage-first heap   total 195584K, used 160303K [0x0000000080000000, 0x0000000100000000)
  region size 1024K, 57 young (58368K), 5 survivors (5120K)
 Metaspace       used 106117K, committed 106880K, reserved 1179648K
  class space    used 14628K, committed 14976K, reserved 1048576K
}
Event: 180.166 GC heap after
{Heap after GC invocations=41 (full 0):
 garbage-first heap   total 195584K, used 111333K [0x0000000080000000, 0x0000000100000000)
  region size 1024K, 8 young (8192K), 8 survivors (8192K)
 Metaspace       used 106117K, committed 106880K, reserved 1179648K
  class space    used 14628K, committed 14976K, reserved 1048576K
}
Event: 180.232 GC heap before
{Heap before GC invocations=41 (full 0):
 garbage-first heap   total 195584K, used 159461K [0x0000000080000000, 0x0000000100000000)
  region size 1024K, 56 young (57344K), 8 survivors (8192K)
 Metaspace       used 106167K, committed 106880K, reserved 1179648K
  class space    used 14632K, committed 14976K, reserved 1048576K
}
Event: 180.234 GC heap after
{Heap after GC invocations=42 (full 0):
 garbage-first heap   total 195584K, used 113031K [0x0000000080000000, 0x0000000100000000)
  region size 1024K, 4 young (4096K), 4 survivors (4096K)
 Metaspace       used 106167K, committed 106880K, reserved 1179648K
  class space    used 14632K, committed 14976K, reserved 1048576K
}

